<?xml version="1.0" encoding="UTF-8"?>
<testng-results skipped="0" failed="0" ignored="0" total="1" passed="1">
  <reporter-output>
  </reporter-output>
  <suite name="Default suite" duration-ms="179" started-at="2021-04-05T11:03:16 EDT" finished-at="2021-04-05T11:03:16 EDT">
    <groups>
    </groups>
    <test name="Default test" duration-ms="179" started-at="2021-04-05T11:03:16 EDT" finished-at="2021-04-05T11:03:16 EDT">
      <class name="aTest.TestNum1">
        <test-method status="PASS" signature="testA()[pri:0, instance:aTest.TestNum1@382db087]" name="testA" duration-ms="39" started-at="2021-04-05T11:03:16 EDT" finished-at="2021-04-05T11:03:16 EDT">
          <reporter-output>
          </reporter-output>
        </test-method> <!-- testA -->
      </class> <!-- aTest.TestNum1 -->
    </test> <!-- Default test -->
  </suite> <!-- Default suite -->
</testng-results>
